<?xml version="1.0" encoding="UTF-8"?>
<testsuite name="com.labrielevis.sectionservice.presentationlayer.ProductControllerIntegrationTest" tests="1" skipped="0" failures="0" errors="0" timestamp="2022-09-10T15:43:38" hostname="VIRATI84" time="3.095">
  <properties/>
  <testcase name="whenSectionIdIsValid_returnDetailsOfASection()" classname="com.labrielevis.sectionservice.presentationlayer.ProductControllerIntegrationTest" time="3.095"/>
  <system-out><![CDATA[11:43:26.693 [Test worker] DEBUG org.springframework.test.context.BootstrapUtils - Instantiating CacheAwareContextLoaderDelegate from class [org.springframework.test.context.cache.DefaultCacheAwareContextLoaderDelegate]
11:43:26.715 [Test worker] DEBUG org.springframework.test.context.BootstrapUtils - Instantiating BootstrapContext using constructor [public org.springframework.test.context.support.DefaultBootstrapContext(java.lang.Class,org.springframework.test.context.CacheAwareContextLoaderDelegate)]
11:43:26.773 [Test worker] DEBUG org.springframework.test.context.BootstrapUtils - Instantiating TestContextBootstrapper for test class [com.labrielevis.sectionservice.presentationlayer.ProductControllerIntegrationTest] from class [org.springframework.boot.test.context.SpringBootTestContextBootstrapper]
11:43:26.792 [Test worker] INFO org.springframework.boot.test.context.SpringBootTestContextBootstrapper - Neither @ContextConfiguration nor @ContextHierarchy found for test class [com.labrielevis.sectionservice.presentationlayer.ProductControllerIntegrationTest], using SpringBootContextLoader
11:43:26.798 [Test worker] DEBUG org.springframework.test.context.support.AbstractContextLoader - Did not detect default resource location for test class [com.labrielevis.sectionservice.presentationlayer.ProductControllerIntegrationTest]: class path resource [com/labrielevis/sectionservice/presentationlayer/ProductControllerIntegrationTest-context.xml] does not exist
11:43:26.799 [Test worker] DEBUG org.springframework.test.context.support.AbstractContextLoader - Did not detect default resource location for test class [com.labrielevis.sectionservice.presentationlayer.ProductControllerIntegrationTest]: class path resource [com/labrielevis/sectionservice/presentationlayer/ProductControllerIntegrationTestContext.groovy] does not exist
11:43:26.800 [Test worker] INFO org.springframework.test.context.support.AbstractContextLoader - Could not detect default resource locations for test class [com.labrielevis.sectionservice.presentationlayer.ProductControllerIntegrationTest]: no resource found for suffixes {-context.xml, Context.groovy}.
11:43:26.801 [Test worker] INFO org.springframework.test.context.support.AnnotationConfigContextLoaderUtils - Could not detect default configuration classes for test class [com.labrielevis.sectionservice.presentationlayer.ProductControllerIntegrationTest]: ProductControllerIntegrationTest does not declare any static, non-private, non-final, nested classes annotated with @Configuration.
11:43:26.917 [Test worker] DEBUG org.springframework.test.context.support.ActiveProfilesUtils - Could not find an 'annotation declaring class' for annotation type [org.springframework.test.context.ActiveProfiles] and class [com.labrielevis.sectionservice.presentationlayer.ProductControllerIntegrationTest]
11:43:27.119 [Test worker] DEBUG org.springframework.context.annotation.ClassPathScanningCandidateComponentProvider - Identified candidate component class: file [C:\Users\Virati84\Documents\GitHub\Assig1.FinalProjectClass(good-version)\Assig1.FinalProjectClass\section-service\build\classes\java\main\com\labrielevis\sectionservice\SectionServiceApplication.class]
11:43:27.121 [Test worker] INFO org.springframework.boot.test.context.SpringBootTestContextBootstrapper - Found @SpringBootConfiguration com.labrielevis.sectionservice.SectionServiceApplication for test class com.labrielevis.sectionservice.presentationlayer.ProductControllerIntegrationTest
11:43:27.323 [Test worker] DEBUG org.springframework.boot.test.context.SpringBootTestContextBootstrapper - @TestExecutionListeners is not present for class [com.labrielevis.sectionservice.presentationlayer.ProductControllerIntegrationTest]: using defaults.
11:43:27.324 [Test worker] INFO org.springframework.boot.test.context.SpringBootTestContextBootstrapper - Loaded default TestExecutionListener class names from location [META-INF/spring.factories]: [org.springframework.boot.test.autoconfigure.restdocs.RestDocsTestExecutionListener, org.springframework.boot.test.autoconfigure.web.client.MockRestServiceServerResetTestExecutionListener, org.springframework.boot.test.autoconfigure.web.servlet.MockMvcPrintOnlyOnFailureTestExecutionListener, org.springframework.boot.test.autoconfigure.web.servlet.WebDriverTestExecutionListener, org.springframework.boot.test.autoconfigure.webservices.client.MockWebServiceServerTestExecutionListener, org.springframework.boot.test.mock.mockito.MockitoTestExecutionListener, org.springframework.boot.test.mock.mockito.ResetMocksTestExecutionListener, org.springframework.test.context.web.ServletTestExecutionListener, org.springframework.test.context.support.DirtiesContextBeforeModesTestExecutionListener, org.springframework.test.context.event.ApplicationEventsTestExecutionListener, org.springframework.test.context.support.DependencyInjectionTestExecutionListener, org.springframework.test.context.support.DirtiesContextTestExecutionListener, org.springframework.test.context.transaction.TransactionalTestExecutionListener, org.springframework.test.context.jdbc.SqlScriptsTestExecutionListener, org.springframework.test.context.event.EventPublishingTestExecutionListener]
11:43:27.346 [Test worker] DEBUG org.springframework.boot.test.context.SpringBootTestContextBootstrapper - Skipping candidate TestExecutionListener [org.springframework.test.context.web.ServletTestExecutionListener] due to a missing dependency. Specify custom listener classes or make the default listener classes and their required dependencies available. Offending class: [javax/servlet/ServletContext]
11:43:27.362 [Test worker] INFO org.springframework.boot.test.context.SpringBootTestContextBootstrapper - Using TestExecutionListeners: [org.springframework.test.context.support.DirtiesContextBeforeModesTestExecutionListener@72e34f77, org.springframework.test.context.event.ApplicationEventsTestExecutionListener@7bf9b098, org.springframework.boot.test.mock.mockito.MockitoTestExecutionListener@389adf1d, org.springframework.boot.test.autoconfigure.SpringBootDependencyInjectionTestExecutionListener@77307458, org.springframework.test.context.support.DirtiesContextTestExecutionListener@1fc0053e, org.springframework.test.context.transaction.TransactionalTestExecutionListener@290b1b2e, org.springframework.test.context.jdbc.SqlScriptsTestExecutionListener@47874b25, org.springframework.test.context.event.EventPublishingTestExecutionListener@33617539, org.springframework.boot.test.autoconfigure.restdocs.RestDocsTestExecutionListener@2c177f9e, org.springframework.boot.test.autoconfigure.web.client.MockRestServiceServerResetTestExecutionListener@5db4c359, org.springframework.boot.test.autoconfigure.web.servlet.MockMvcPrintOnlyOnFailureTestExecutionListener@209775a9, org.springframework.boot.test.autoconfigure.web.servlet.WebDriverTestExecutionListener@18e7143f, org.springframework.boot.test.autoconfigure.webservices.client.MockWebServiceServerTestExecutionListener@f9b7332, org.springframework.boot.test.mock.mockito.ResetMocksTestExecutionListener@74cec793]
11:43:27.374 [Test worker] DEBUG org.springframework.test.context.support.AbstractDirtiesContextTestExecutionListener - Before test class: context [DefaultTestContext@644c78d4 testClass = ProductControllerIntegrationTest, testInstance = [null], testMethod = [null], testException = [null], mergedContextConfiguration = [ReactiveWebMergedContextConfiguration@532a02d9 testClass = ProductControllerIntegrationTest, locations = '{}', classes = '{class com.labrielevis.sectionservice.SectionServiceApplication}', contextInitializerClasses = '[]', activeProfiles = '{}', propertySourceLocations = '{}', propertySourceProperties = '{spring.data.mongodb.port: 27017, org.springframework.boot.test.context.SpringBootTestContextBootstrapper=true, server.port=0}', contextCustomizers = set[org.springframework.boot.test.autoconfigure.actuate.metrics.MetricsExportContextCustomizerFactory$DisableMetricExportContextCustomizer@4ff4357f, org.springframework.boot.test.autoconfigure.properties.PropertyMappingContextCustomizer@ec54a5c9, org.springframework.boot.test.autoconfigure.web.servlet.WebDriverContextCustomizerFactory$Customizer@687ef2e0, [ImportsContextCustomizer@611f8234 key = [org.springframework.boot.autoconfigure.security.oauth2.client.reactive.ReactiveOAuth2ClientAutoConfiguration, org.springframework.boot.autoconfigure.security.oauth2.resource.reactive.ReactiveOAuth2ResourceServerAutoConfiguration, org.springframework.boot.autoconfigure.security.reactive.ReactiveSecurityAutoConfiguration, org.springframework.boot.autoconfigure.security.reactive.ReactiveUserDetailsServiceAutoConfiguration, org.springframework.boot.test.autoconfigure.web.reactive.WebTestClientAutoConfiguration]], org.springframework.boot.test.context.filter.ExcludeFilterContextCustomizer@1b73be9f, org.springframework.boot.test.json.DuplicateJsonObjectContextCustomizerFactory$DuplicateJsonObjectContextCustomizer@30b19518, org.springframework.boot.test.mock.mockito.MockitoContextCustomizer@0, org.springframework.boot.test.web.client.TestRestTemplateContextCustomizer@1f6c9cd8, org.springframework.boot.test.web.reactive.server.WebTestClientContextCustomizer@301ec38b, org.springframework.boot.test.context.SpringBootTestArgs@1, org.springframework.boot.test.context.SpringBootTestWebEnvironment@4738a206], contextLoader = 'org.springframework.boot.test.context.SpringBootContextLoader', parent = [null]], attributes = map['org.springframework.test.context.web.ServletTestExecutionListener.activateListener' -> false]], class annotated with @DirtiesContext [false] with mode [null].
11:43:27.401 [Test worker] DEBUG org.springframework.test.context.support.DependencyInjectionTestExecutionListener - Performing dependency injection for test context [[DefaultTestContext@644c78d4 testClass = ProductControllerIntegrationTest, testInstance = com.labrielevis.sectionservice.presentationlayer.ProductControllerIntegrationTest@26be6ca7, testMethod = [null], testException = [null], mergedContextConfiguration = [ReactiveWebMergedContextConfiguration@532a02d9 testClass = ProductControllerIntegrationTest, locations = '{}', classes = '{class com.labrielevis.sectionservice.SectionServiceApplication}', contextInitializerClasses = '[]', activeProfiles = '{}', propertySourceLocations = '{}', propertySourceProperties = '{spring.data.mongodb.port: 27017, org.springframework.boot.test.context.SpringBootTestContextBootstrapper=true, server.port=0}', contextCustomizers = set[org.springframework.boot.test.autoconfigure.actuate.metrics.MetricsExportContextCustomizerFactory$DisableMetricExportContextCustomizer@4ff4357f, org.springframework.boot.test.autoconfigure.properties.PropertyMappingContextCustomizer@ec54a5c9, org.springframework.boot.test.autoconfigure.web.servlet.WebDriverContextCustomizerFactory$Customizer@687ef2e0, [ImportsContextCustomizer@611f8234 key = [org.springframework.boot.autoconfigure.security.oauth2.client.reactive.ReactiveOAuth2ClientAutoConfiguration, org.springframework.boot.autoconfigure.security.oauth2.resource.reactive.ReactiveOAuth2ResourceServerAutoConfiguration, org.springframework.boot.autoconfigure.security.reactive.ReactiveSecurityAutoConfiguration, org.springframework.boot.autoconfigure.security.reactive.ReactiveUserDetailsServiceAutoConfiguration, org.springframework.boot.test.autoconfigure.web.reactive.WebTestClientAutoConfiguration]], org.springframework.boot.test.context.filter.ExcludeFilterContextCustomizer@1b73be9f, org.springframework.boot.test.json.DuplicateJsonObjectContextCustomizerFactory$DuplicateJsonObjectContextCustomizer@30b19518, org.springframework.boot.test.mock.mockito.MockitoContextCustomizer@0, org.springframework.boot.test.web.client.TestRestTemplateContextCustomizer@1f6c9cd8, org.springframework.boot.test.web.reactive.server.WebTestClientContextCustomizer@301ec38b, org.springframework.boot.test.context.SpringBootTestArgs@1, org.springframework.boot.test.context.SpringBootTestWebEnvironment@4738a206], contextLoader = 'org.springframework.boot.test.context.SpringBootContextLoader', parent = [null]], attributes = map['org.springframework.test.context.web.ServletTestExecutionListener.activateListener' -> false, 'org.springframework.test.context.event.ApplicationEventsTestExecutionListener.recordApplicationEvents' -> false]]].

  .   ____          _            __ _ _
 /\\ / ___'_ __ _ _(_)_ __  __ _ \ \ \ \
( ( )\___ | '_ | '_| | '_ \/ _` | \ \ \ \
 \\/  ___)| |_)| | | | | || (_| |  ) ) ) )
  '  |____| .__|_| |_|_| |_\__, | / / / /
 =========|_|==============|___/=/_/_/_/
 :: Spring Boot ::                (v2.7.3)

2022-09-10 11:43:28.970  INFO 151280 --- [    Test worker] c.l.s.p.ProductControllerIntegrationTest : Starting ProductControllerIntegrationTest using Java 17.0.4.1 on Virati84 with PID 151280 (started by Virati84 in C:\Users\Virati84\Documents\GitHub\Assig1.FinalProjectClass(good-version)\Assig1.FinalProjectClass\section-service)
2022-09-10 11:43:28.981  INFO 151280 --- [    Test worker] c.l.s.p.ProductControllerIntegrationTest : No active profile set, falling back to 1 default profile: "default"
2022-09-10 11:43:31.137  INFO 151280 --- [    Test worker] .s.d.r.c.RepositoryConfigurationDelegate : Bootstrapping Spring Data Reactive MongoDB repositories in DEFAULT mode.
2022-09-10 11:43:31.574  INFO 151280 --- [    Test worker] .s.d.r.c.RepositoryConfigurationDelegate : Finished Spring Data repository scanning in 425 ms. Found 1 Reactive MongoDB repository interfaces.
2022-09-10 11:43:34.623  INFO 151280 --- [    Test worker] org.mongodb.driver.client                : MongoClient with metadata {"driver": {"name": "mongo-java-driver|reactive-streams|spring-boot", "version": "4.6.1"}, "os": {"type": "Windows", "name": "Windows 10", "architecture": "amd64", "version": "10.0"}, "platform": "Java/Amazon.com Inc./17.0.4.1+9-LTS"} created with settings MongoClientSettings{readPreference=primary, writeConcern=WriteConcern{w=null, wTimeout=null ms, journal=null}, retryWrites=true, retryReads=true, readConcern=ReadConcern{level=null}, credential=null, streamFactoryFactory=NettyStreamFactoryFactory{eventLoopGroup=io.netty.channel.nio.NioEventLoopGroup@646cd766, socketChannelClass=class io.netty.channel.socket.nio.NioSocketChannel, allocator=PooledByteBufAllocator(directByDefault: true), sslContext=null}, commandListeners=[], codecRegistry=ProvidersCodecRegistry{codecProviders=[ValueCodecProvider{}, BsonValueCodecProvider{}, DBRefCodecProvider{}, DBObjectCodecProvider{}, DocumentCodecProvider{}, IterableCodecProvider{}, MapCodecProvider{}, GeoJsonCodecProvider{}, GridFSFileCodecProvider{}, Jsr310CodecProvider{}, JsonObjectCodecProvider{}, BsonCodecProvider{}, EnumCodecProvider{}, com.mongodb.Jep395RecordCodecProvider@57151b3a]}, clusterSettings={hosts=[localhost:27017], srvServiceName=mongodb, mode=SINGLE, requiredClusterType=UNKNOWN, requiredReplicaSetName='null', serverSelector='null', clusterListeners='[]', serverSelectionTimeout='30000 ms', localThreshold='30000 ms'}, socketSettings=SocketSettings{connectTimeoutMS=10000, readTimeoutMS=0, receiveBufferSize=0, sendBufferSize=0}, heartbeatSocketSettings=SocketSettings{connectTimeoutMS=10000, readTimeoutMS=10000, receiveBufferSize=0, sendBufferSize=0}, connectionPoolSettings=ConnectionPoolSettings{maxSize=100, minSize=0, maxWaitTimeMS=120000, maxConnectionLifeTimeMS=0, maxConnectionIdleTimeMS=0, maintenanceInitialDelayMS=0, maintenanceFrequencyMS=60000, connectionPoolListeners=[], maxConnecting=2}, serverSettings=ServerSettings{heartbeatFrequencyMS=10000, minHeartbeatFrequencyMS=500, serverListeners='[]', serverMonitorListeners='[]'}, sslSettings=SslSettings{enabled=false, invalidHostNameAllowed=false, context=null}, applicationName='null', compressorList=[], uuidRepresentation=JAVA_LEGACY, serverApi=null, autoEncryptionSettings=null, contextProvider=null}
2022-09-10 11:43:35.750  INFO 151280 --- [localhost:27017] org.mongodb.driver.connection            : Opened connection [connectionId{localValue:2, serverValue:37}] to localhost:27017
2022-09-10 11:43:35.751  INFO 151280 --- [localhost:27017] org.mongodb.driver.cluster               : Monitor thread successfully connected to server with description ServerDescription{address=localhost:27017, type=STANDALONE, state=CONNECTED, ok=true, minWireVersion=0, maxWireVersion=13, maxDocumentSize=16777216, logicalSessionTimeoutMinutes=30, roundTripTimeNanos=310683000}
2022-09-10 11:43:35.762  INFO 151280 --- [localhost:27017] org.mongodb.driver.connection            : Opened connection [connectionId{localValue:1, serverValue:38}] to localhost:27017
2022-09-10 11:43:38.077  INFO 151280 --- [    Test worker] o.s.b.web.embedded.netty.NettyWebServer  : Netty started on port 62117
2022-09-10 11:43:38.090  INFO 151280 --- [    Test worker] c.l.s.p.ProductControllerIntegrationTest : Started ProductControllerIntegrationTest in 10.627 seconds (JVM running for 18.016)
2022-09-10 11:43:38.133  INFO 151280 --- [    Test worker] Number=100, roomNumber=201, teacherId=1) : | onSubscribe([Fuseable] FluxMapFuseable.MapFuseableSubscriber)
2022-09-10 11:43:38.156  INFO 151280 --- [    Test worker] Number=100, roomNumber=201, teacherId=1) : | request(32)
2022-09-10 11:43:38.401  INFO 151280 --- [    Test worker] Number=101, roomNumber=202, teacherId=2) : | onSubscribe([Fuseable] FluxMapFuseable.MapFuseableSubscriber)
2022-09-10 11:43:38.401  INFO 151280 --- [    Test worker] Number=101, roomNumber=202, teacherId=2) : | request(32)
2022-09-10 11:43:38.405  INFO 151280 --- [    Test worker] Number=102, roomNumber=203, teacherId=3) : | onSubscribe([Fuseable] FluxMapFuseable.MapFuseableSubscriber)
2022-09-10 11:43:38.405  INFO 151280 --- [    Test worker] Number=102, roomNumber=203, teacherId=3) : | request(32)
2022-09-10 11:43:38.407  INFO 151280 --- [    Test worker] Number=103, roomNumber=204, teacherId=4) : | onSubscribe([Fuseable] FluxMapFuseable.MapFuseableSubscriber)
2022-09-10 11:43:38.408  INFO 151280 --- [    Test worker] Number=103, roomNumber=204, teacherId=4) : | request(32)
2022-09-10 11:43:38.412  INFO 151280 --- [    Test worker] Number=104, roomNumber=205, teacherId=5) : | onSubscribe([Fuseable] FluxMapFuseable.MapFuseableSubscriber)
2022-09-10 11:43:38.413  INFO 151280 --- [    Test worker] Number=104, roomNumber=205, teacherId=5) : | request(32)
2022-09-10 11:43:38.445  INFO 151280 --- [ntLoopGroup-3-4] org.mongodb.driver.connection            : Opened connection [connectionId{localValue:4, serverValue:40}] to localhost:27017
2022-09-10 11:43:38.445  INFO 151280 --- [ntLoopGroup-3-3] org.mongodb.driver.connection            : Opened connection [connectionId{localValue:3, serverValue:39}] to localhost:27017
2022-09-10 11:43:38.481  INFO 151280 --- [ntLoopGroup-3-6] org.mongodb.driver.connection            : Opened connection [connectionId{localValue:6, serverValue:42}] to localhost:27017
2022-09-10 11:43:38.493  INFO 151280 --- [ntLoopGroup-3-7] org.mongodb.driver.connection            : Opened connection [connectionId{localValue:7, serverValue:43}] to localhost:27017
2022-09-10 11:43:38.554  INFO 151280 --- [ntLoopGroup-3-5] org.mongodb.driver.connection            : Opened connection [connectionId{localValue:5, serverValue:41}] to localhost:27017
2022-09-10 11:43:38.681  INFO 151280 --- [ntLoopGroup-3-4] Number=101, roomNumber=202, teacherId=2) : | onNext(SectionDTO(sectionId=f2dfc884-38cd-4ff7-8ca7-b7dff0c58a97, courseNumber=101, roomNumber=202, teacherId=2))
2022-09-10 11:43:38.682  INFO 151280 --- [ntLoopGroup-3-4] Number=101, roomNumber=202, teacherId=2) : | onComplete()
2022-09-10 11:43:38.835  INFO 151280 --- [ntLoopGroup-3-7] Number=104, roomNumber=205, teacherId=5) : | onNext(SectionDTO(sectionId=92460cc8-35d0-4c90-9886-0a19055e8673, courseNumber=104, roomNumber=205, teacherId=5))
2022-09-10 11:43:38.835  INFO 151280 --- [ntLoopGroup-3-7] Number=104, roomNumber=205, teacherId=5) : | onComplete()
2022-09-10 11:43:38.837  INFO 151280 --- [ntLoopGroup-3-3] Number=100, roomNumber=201, teacherId=1) : | onNext(SectionDTO(sectionId=c2a878e0-93d3-44b1-a228-579dff9aedc9, courseNumber=100, roomNumber=201, teacherId=1))
2022-09-10 11:43:38.838  INFO 151280 --- [ntLoopGroup-3-3] Number=100, roomNumber=201, teacherId=1) : | onComplete()
2022-09-10 11:43:38.849  INFO 151280 --- [ntLoopGroup-3-5] Number=102, roomNumber=203, teacherId=3) : | onNext(SectionDTO(sectionId=431ff377-5868-41f5-91e2-904e45339d60, courseNumber=102, roomNumber=203, teacherId=3))
2022-09-10 11:43:38.850  INFO 151280 --- [ntLoopGroup-3-5] Number=102, roomNumber=203, teacherId=3) : | onComplete()
2022-09-10 11:43:38.875  INFO 151280 --- [ntLoopGroup-3-6] Number=103, roomNumber=204, teacherId=4) : | onNext(SectionDTO(sectionId=08f9298f-9cad-42fc-a255-072415152a64, courseNumber=103, roomNumber=204, teacherId=4))
2022-09-10 11:43:38.876  INFO 151280 --- [ntLoopGroup-3-6] Number=103, roomNumber=204, teacherId=4) : | onComplete()
]]></system-out>
  <system-err><![CDATA[]]></system-err>
</testsuite>
