<?xml version="1.0" encoding="UTF-8"?>
<testsuite name="com.labrielevis.teacherservice.presentationlayer.TeacherControllerUnitTest" tests="1" skipped="0" failures="0" errors="0" timestamp="2022-09-11T20:20:01" hostname="MacBook-Pro-de-Felix.local" time="0.101">
  <properties/>
  <testcase name="getTeacherByTeacherId()" classname="com.labrielevis.teacherservice.presentationlayer.TeacherControllerUnitTest" time="0.101"/>
  <system-out><![CDATA[16:20:00.264 [Test worker] DEBUG org.springframework.test.context.BootstrapUtils - Instantiating CacheAwareContextLoaderDelegate from class [org.springframework.test.context.cache.DefaultCacheAwareContextLoaderDelegate]
16:20:00.268 [Test worker] DEBUG org.springframework.test.context.BootstrapUtils - Instantiating BootstrapContext using constructor [public org.springframework.test.context.support.DefaultBootstrapContext(java.lang.Class,org.springframework.test.context.CacheAwareContextLoaderDelegate)]
16:20:00.282 [Test worker] DEBUG org.springframework.test.context.BootstrapUtils - Instantiating TestContextBootstrapper for test class [com.labrielevis.teacherservice.presentationlayer.TeacherControllerUnitTest] from class [org.springframework.boot.test.autoconfigure.web.reactive.WebFluxTestContextBootstrapper]
16:20:00.288 [Test worker] INFO org.springframework.boot.test.autoconfigure.web.reactive.WebFluxTestContextBootstrapper - Neither @ContextConfiguration nor @ContextHierarchy found for test class [com.labrielevis.teacherservice.presentationlayer.TeacherControllerUnitTest], using SpringBootContextLoader
16:20:00.289 [Test worker] DEBUG org.springframework.test.context.support.AbstractContextLoader - Did not detect default resource location for test class [com.labrielevis.teacherservice.presentationlayer.TeacherControllerUnitTest]: class path resource [com/labrielevis/teacherservice/presentationlayer/TeacherControllerUnitTest-context.xml] does not exist
16:20:00.289 [Test worker] DEBUG org.springframework.test.context.support.AbstractContextLoader - Did not detect default resource location for test class [com.labrielevis.teacherservice.presentationlayer.TeacherControllerUnitTest]: class path resource [com/labrielevis/teacherservice/presentationlayer/TeacherControllerUnitTestContext.groovy] does not exist
16:20:00.289 [Test worker] INFO org.springframework.test.context.support.AbstractContextLoader - Could not detect default resource locations for test class [com.labrielevis.teacherservice.presentationlayer.TeacherControllerUnitTest]: no resource found for suffixes {-context.xml, Context.groovy}.
16:20:00.289 [Test worker] INFO org.springframework.test.context.support.AnnotationConfigContextLoaderUtils - Could not detect default configuration classes for test class [com.labrielevis.teacherservice.presentationlayer.TeacherControllerUnitTest]: TeacherControllerUnitTest does not declare any static, non-private, non-final, nested classes annotated with @Configuration.
16:20:00.317 [Test worker] DEBUG org.springframework.test.context.support.ActiveProfilesUtils - Could not find an 'annotation declaring class' for annotation type [org.springframework.test.context.ActiveProfiles] and class [com.labrielevis.teacherservice.presentationlayer.TeacherControllerUnitTest]
16:20:00.342 [Test worker] DEBUG org.springframework.context.annotation.ClassPathScanningCandidateComponentProvider - Identified candidate component class: file [/Users/flabrie/Code/Assig1.FinalProjectClass/teacher-service/build/classes/java/main/com/labrielevis/teacherservice/TeacherServiceApplication.class]
16:20:00.343 [Test worker] INFO org.springframework.boot.test.context.SpringBootTestContextBootstrapper - Found @SpringBootConfiguration com.labrielevis.teacherservice.TeacherServiceApplication for test class com.labrielevis.teacherservice.presentationlayer.TeacherControllerUnitTest
16:20:00.344 [Test worker] DEBUG org.springframework.boot.test.autoconfigure.web.reactive.WebFluxTestContextBootstrapper - @TestExecutionListeners is not present for class [com.labrielevis.teacherservice.presentationlayer.TeacherControllerUnitTest]: using defaults.
16:20:00.344 [Test worker] INFO org.springframework.boot.test.autoconfigure.web.reactive.WebFluxTestContextBootstrapper - Loaded default TestExecutionListener class names from location [META-INF/spring.factories]: [org.springframework.boot.test.autoconfigure.restdocs.RestDocsTestExecutionListener, org.springframework.boot.test.autoconfigure.web.client.MockRestServiceServerResetTestExecutionListener, org.springframework.boot.test.autoconfigure.web.servlet.MockMvcPrintOnlyOnFailureTestExecutionListener, org.springframework.boot.test.autoconfigure.web.servlet.WebDriverTestExecutionListener, org.springframework.boot.test.autoconfigure.webservices.client.MockWebServiceServerTestExecutionListener, org.springframework.boot.test.mock.mockito.MockitoTestExecutionListener, org.springframework.boot.test.mock.mockito.ResetMocksTestExecutionListener, org.springframework.test.context.web.ServletTestExecutionListener, org.springframework.test.context.support.DirtiesContextBeforeModesTestExecutionListener, org.springframework.test.context.event.ApplicationEventsTestExecutionListener, org.springframework.test.context.support.DependencyInjectionTestExecutionListener, org.springframework.test.context.support.DirtiesContextTestExecutionListener, org.springframework.test.context.transaction.TransactionalTestExecutionListener, org.springframework.test.context.jdbc.SqlScriptsTestExecutionListener, org.springframework.test.context.event.EventPublishingTestExecutionListener]
16:20:00.347 [Test worker] DEBUG org.springframework.boot.test.autoconfigure.web.reactive.WebFluxTestContextBootstrapper - Skipping candidate TestExecutionListener [org.springframework.test.context.web.ServletTestExecutionListener] due to a missing dependency. Specify custom listener classes or make the default listener classes and their required dependencies available. Offending class: [javax/servlet/ServletContext]
16:20:00.351 [Test worker] INFO org.springframework.boot.test.autoconfigure.web.reactive.WebFluxTestContextBootstrapper - Using TestExecutionListeners: [org.springframework.test.context.support.DirtiesContextBeforeModesTestExecutionListener@6bea52d4, org.springframework.test.context.event.ApplicationEventsTestExecutionListener@11981797, org.springframework.boot.test.mock.mockito.MockitoTestExecutionListener@5c42d2b7, org.springframework.boot.test.autoconfigure.SpringBootDependencyInjectionTestExecutionListener@625abb97, org.springframework.test.context.support.DirtiesContextTestExecutionListener@5b1f29fa, org.springframework.test.context.transaction.TransactionalTestExecutionListener@aeab9a1, org.springframework.test.context.jdbc.SqlScriptsTestExecutionListener@40f70521, org.springframework.test.context.event.EventPublishingTestExecutionListener@774698ab, org.springframework.boot.test.autoconfigure.restdocs.RestDocsTestExecutionListener@55342f40, org.springframework.boot.test.autoconfigure.web.client.MockRestServiceServerResetTestExecutionListener@a4ca3f6, org.springframework.boot.test.autoconfigure.web.servlet.MockMvcPrintOnlyOnFailureTestExecutionListener@72ea6193, org.springframework.boot.test.autoconfigure.web.servlet.WebDriverTestExecutionListener@31aa3ca5, org.springframework.boot.test.autoconfigure.webservices.client.MockWebServiceServerTestExecutionListener@45905bff, org.springframework.boot.test.mock.mockito.ResetMocksTestExecutionListener@2a2c13a8]
16:20:00.352 [Test worker] DEBUG org.springframework.test.context.support.AbstractDirtiesContextTestExecutionListener - Before test class: context [DefaultTestContext@75b25825 testClass = TeacherControllerUnitTest, testInstance = [null], testMethod = [null], testException = [null], mergedContextConfiguration = [ReactiveWebMergedContextConfiguration@18025ced testClass = TeacherControllerUnitTest, locations = '{}', classes = '{class com.labrielevis.teacherservice.TeacherServiceApplication}', contextInitializerClasses = '[]', activeProfiles = '{}', propertySourceLocations = '{}', propertySourceProperties = '{org.springframework.boot.test.autoconfigure.web.reactive.WebFluxTestContextBootstrapper=true}', contextCustomizers = set[org.springframework.boot.test.autoconfigure.OverrideAutoConfigurationContextCustomizerFactory$DisableAutoConfigurationContextCustomizer@13330ac6, org.springframework.boot.test.autoconfigure.actuate.metrics.MetricsExportContextCustomizerFactory$DisableMetricExportContextCustomizer@4331d187, org.springframework.boot.test.autoconfigure.filter.TypeExcludeFiltersContextCustomizer@8c7ea5f5, org.springframework.boot.test.autoconfigure.properties.PropertyMappingContextCustomizer@e75a2dc3, org.springframework.boot.test.autoconfigure.web.servlet.WebDriverContextCustomizerFactory$Customizer@2ea6e30c, [ImportsContextCustomizer@13cf7d52 key = [org.springframework.boot.autoconfigure.cache.CacheAutoConfiguration, org.springframework.boot.autoconfigure.gson.GsonAutoConfiguration, org.springframework.boot.autoconfigure.jackson.JacksonAutoConfiguration, org.springframework.boot.autoconfigure.jsonb.JsonbAutoConfiguration, org.springframework.boot.autoconfigure.context.MessageSourceAutoConfiguration, org.springframework.boot.autoconfigure.freemarker.FreeMarkerAutoConfiguration, org.springframework.boot.autoconfigure.http.codec.CodecsAutoConfiguration, org.springframework.boot.autoconfigure.mustache.MustacheAutoConfiguration, org.springframework.boot.autoconfigure.thymeleaf.ThymeleafAutoConfiguration, org.springframework.boot.autoconfigure.validation.ValidationAutoConfiguration, org.springframework.boot.autoconfigure.web.reactive.WebFluxAutoConfiguration, org.springframework.boot.autoconfigure.web.reactive.error.ErrorWebFluxAutoConfiguration, org.springframework.boot.autoconfigure.security.oauth2.client.reactive.ReactiveOAuth2ClientAutoConfiguration, org.springframework.boot.autoconfigure.security.oauth2.resource.reactive.ReactiveOAuth2ResourceServerAutoConfiguration, org.springframework.boot.autoconfigure.security.reactive.ReactiveSecurityAutoConfiguration, org.springframework.boot.autoconfigure.security.reactive.ReactiveUserDetailsServiceAutoConfiguration, org.springframework.boot.test.autoconfigure.web.reactive.WebTestClientAutoConfiguration]], org.springframework.boot.test.context.filter.ExcludeFilterContextCustomizer@46944ca9, org.springframework.boot.test.json.DuplicateJsonObjectContextCustomizerFactory$DuplicateJsonObjectContextCustomizer@4612b856, org.springframework.boot.test.mock.mockito.MockitoContextCustomizer@e7fecbff, org.springframework.boot.test.context.SpringBootTestArgs@1, org.springframework.boot.test.context.SpringBootTestWebEnvironment@0], contextLoader = 'org.springframework.boot.test.context.SpringBootContextLoader', parent = [null]], attributes = map[[empty]]], class annotated with @DirtiesContext [false] with mode [null].

  .   ____          _            __ _ _
 /\\ / ___'_ __ _ _(_)_ __  __ _ \ \ \ \
( ( )\___ | '_ | '_| | '_ \/ _` | \ \ \ \
 \\/  ___)| |_)| | | | | || (_| |  ) ) ) )
  '  |____| .__|_| |_|_| |_\__, | / / / /
 =========|_|==============|___/=/_/_/_/
 :: Spring Boot ::                (v2.7.3)

2022-09-11 16:20:00.525  INFO 72740 --- [    Test worker] c.l.t.p.TeacherControllerUnitTest        : Starting TeacherControllerUnitTest using Java 17.0.2 on MacBook-Pro-de-Felix.local with PID 72740 (started by flabrie in /Users/flabrie/Code/Assig1.FinalProjectClass/teacher-service)
2022-09-11 16:20:00.526  INFO 72740 --- [    Test worker] c.l.t.p.TeacherControllerUnitTest        : No active profile set, falling back to 1 default profile: "default"
2022-09-11 16:20:01.071  INFO 72740 --- [    Test worker] c.l.t.p.TeacherControllerUnitTest        : Started TeacherControllerUnitTest in 0.701 seconds (JVM running for 1.146)
]]></system-out>
  <system-err><![CDATA[]]></system-err>
</testsuite>
