<?xml version="1.0" encoding="UTF-8"?>
<testsuite name="com.labrielevis.teacherservice.presentationlayer.TeacherControllerUnitTest" tests="1" skipped="0" failures="0" errors="0" timestamp="2022-09-14T21:03:06" hostname="VIRATI84" time="3.213">
  <properties/>
  <testcase name="getTeacherByTeacherId()" classname="com.labrielevis.teacherservice.presentationlayer.TeacherControllerUnitTest" time="3.213"/>
  <system-out><![CDATA[17:02:42.829 [Test worker] DEBUG org.springframework.test.context.BootstrapUtils - Instantiating CacheAwareContextLoaderDelegate from class [org.springframework.test.context.cache.DefaultCacheAwareContextLoaderDelegate]
17:02:42.878 [Test worker] DEBUG org.springframework.test.context.BootstrapUtils - Instantiating BootstrapContext using constructor [public org.springframework.test.context.support.DefaultBootstrapContext(java.lang.Class,org.springframework.test.context.CacheAwareContextLoaderDelegate)]
17:02:43.045 [Test worker] DEBUG org.springframework.test.context.BootstrapUtils - Instantiating TestContextBootstrapper for test class [com.labrielevis.teacherservice.presentationlayer.TeacherControllerUnitTest] from class [org.springframework.boot.test.autoconfigure.web.reactive.WebFluxTestContextBootstrapper]
17:02:43.162 [Test worker] INFO org.springframework.boot.test.autoconfigure.web.reactive.WebFluxTestContextBootstrapper - Neither @ContextConfiguration nor @ContextHierarchy found for test class [com.labrielevis.teacherservice.presentationlayer.TeacherControllerUnitTest], using SpringBootContextLoader
17:02:43.173 [Test worker] DEBUG org.springframework.test.context.support.AbstractContextLoader - Did not detect default resource location for test class [com.labrielevis.teacherservice.presentationlayer.TeacherControllerUnitTest]: class path resource [com/labrielevis/teacherservice/presentationlayer/TeacherControllerUnitTest-context.xml] does not exist
17:02:43.174 [Test worker] DEBUG org.springframework.test.context.support.AbstractContextLoader - Did not detect default resource location for test class [com.labrielevis.teacherservice.presentationlayer.TeacherControllerUnitTest]: class path resource [com/labrielevis/teacherservice/presentationlayer/TeacherControllerUnitTestContext.groovy] does not exist
17:02:43.175 [Test worker] INFO org.springframework.test.context.support.AbstractContextLoader - Could not detect default resource locations for test class [com.labrielevis.teacherservice.presentationlayer.TeacherControllerUnitTest]: no resource found for suffixes {-context.xml, Context.groovy}.
17:02:43.177 [Test worker] INFO org.springframework.test.context.support.AnnotationConfigContextLoaderUtils - Could not detect default configuration classes for test class [com.labrielevis.teacherservice.presentationlayer.TeacherControllerUnitTest]: TeacherControllerUnitTest does not declare any static, non-private, non-final, nested classes annotated with @Configuration.
17:02:44.346 [Test worker] DEBUG org.springframework.test.context.support.ActiveProfilesUtils - Could not find an 'annotation declaring class' for annotation type [org.springframework.test.context.ActiveProfiles] and class [com.labrielevis.teacherservice.presentationlayer.TeacherControllerUnitTest]
17:02:44.645 [Test worker] DEBUG org.springframework.context.annotation.ClassPathScanningCandidateComponentProvider - Identified candidate component class: file [C:\Users\Virati84\Documents\GitHub\Assig1.FinalProjectClass(good-version)\Assig1.FinalProjectClass\teacher-service\build\classes\java\main\com\labrielevis\teacherservice\TeacherServiceApplication.class]
17:02:44.648 [Test worker] INFO org.springframework.boot.test.context.SpringBootTestContextBootstrapper - Found @SpringBootConfiguration com.labrielevis.teacherservice.TeacherServiceApplication for test class com.labrielevis.teacherservice.presentationlayer.TeacherControllerUnitTest
17:02:44.749 [Test worker] DEBUG org.springframework.boot.test.autoconfigure.web.reactive.WebFluxTestContextBootstrapper - @TestExecutionListeners is not present for class [com.labrielevis.teacherservice.presentationlayer.TeacherControllerUnitTest]: using defaults.
17:02:44.751 [Test worker] INFO org.springframework.boot.test.autoconfigure.web.reactive.WebFluxTestContextBootstrapper - Loaded default TestExecutionListener class names from location [META-INF/spring.factories]: [org.springframework.boot.test.autoconfigure.restdocs.RestDocsTestExecutionListener, org.springframework.boot.test.autoconfigure.web.client.MockRestServiceServerResetTestExecutionListener, org.springframework.boot.test.autoconfigure.web.servlet.MockMvcPrintOnlyOnFailureTestExecutionListener, org.springframework.boot.test.autoconfigure.web.servlet.WebDriverTestExecutionListener, org.springframework.boot.test.autoconfigure.webservices.client.MockWebServiceServerTestExecutionListener, org.springframework.boot.test.mock.mockito.MockitoTestExecutionListener, org.springframework.boot.test.mock.mockito.ResetMocksTestExecutionListener, org.springframework.test.context.web.ServletTestExecutionListener, org.springframework.test.context.support.DirtiesContextBeforeModesTestExecutionListener, org.springframework.test.context.event.ApplicationEventsTestExecutionListener, org.springframework.test.context.support.DependencyInjectionTestExecutionListener, org.springframework.test.context.support.DirtiesContextTestExecutionListener, org.springframework.test.context.transaction.TransactionalTestExecutionListener, org.springframework.test.context.jdbc.SqlScriptsTestExecutionListener, org.springframework.test.context.event.EventPublishingTestExecutionListener]
17:02:45.042 [Test worker] DEBUG org.springframework.boot.test.autoconfigure.web.reactive.WebFluxTestContextBootstrapper - Skipping candidate TestExecutionListener [org.springframework.test.context.web.ServletTestExecutionListener] due to a missing dependency. Specify custom listener classes or make the default listener classes and their required dependencies available. Offending class: [javax/servlet/ServletContext]
17:02:45.533 [Test worker] INFO org.springframework.boot.test.autoconfigure.web.reactive.WebFluxTestContextBootstrapper - Using TestExecutionListeners: [org.springframework.test.context.support.DirtiesContextBeforeModesTestExecutionListener@3829ac1, org.springframework.test.context.event.ApplicationEventsTestExecutionListener@4baf352a, org.springframework.boot.test.mock.mockito.MockitoTestExecutionListener@1bb1fde8, org.springframework.boot.test.autoconfigure.SpringBootDependencyInjectionTestExecutionListener@15eebbff, org.springframework.test.context.support.DirtiesContextTestExecutionListener@22d6f11, org.springframework.test.context.transaction.TransactionalTestExecutionListener@30990c1b, org.springframework.test.context.jdbc.SqlScriptsTestExecutionListener@2453f95d, org.springframework.test.context.event.EventPublishingTestExecutionListener@44828f6b, org.springframework.boot.test.autoconfigure.restdocs.RestDocsTestExecutionListener@2dbe250d, org.springframework.boot.test.autoconfigure.web.client.MockRestServiceServerResetTestExecutionListener@553f1d75, org.springframework.boot.test.autoconfigure.web.servlet.MockMvcPrintOnlyOnFailureTestExecutionListener@6e1d8f9e, org.springframework.boot.test.autoconfigure.web.servlet.WebDriverTestExecutionListener@3e34ace1, org.springframework.boot.test.autoconfigure.webservices.client.MockWebServiceServerTestExecutionListener@62fe6067, org.springframework.boot.test.mock.mockito.ResetMocksTestExecutionListener@4f071df8]
17:02:45.572 [Test worker] DEBUG org.springframework.test.context.support.AbstractDirtiesContextTestExecutionListener - Before test class: context [DefaultTestContext@73ff4fae testClass = TeacherControllerUnitTest, testInstance = [null], testMethod = [null], testException = [null], mergedContextConfiguration = [ReactiveWebMergedContextConfiguration@21aa6d6c testClass = TeacherControllerUnitTest, locations = '{}', classes = '{class com.labrielevis.teacherservice.TeacherServiceApplication}', contextInitializerClasses = '[]', activeProfiles = '{}', propertySourceLocations = '{}', propertySourceProperties = '{org.springframework.boot.test.autoconfigure.web.reactive.WebFluxTestContextBootstrapper=true}', contextCustomizers = set[org.springframework.boot.test.autoconfigure.OverrideAutoConfigurationContextCustomizerFactory$DisableAutoConfigurationContextCustomizer@2a640157, org.springframework.boot.test.autoconfigure.actuate.metrics.MetricsExportContextCustomizerFactory$DisableMetricExportContextCustomizer@2dca0d64, org.springframework.boot.test.autoconfigure.filter.TypeExcludeFiltersContextCustomizer@d1b43b5f, org.springframework.boot.test.autoconfigure.properties.PropertyMappingContextCustomizer@900e6b24, org.springframework.boot.test.autoconfigure.web.servlet.WebDriverContextCustomizerFactory$Customizer@18920cc, [ImportsContextCustomizer@b968a76 key = [org.springframework.boot.autoconfigure.cache.CacheAutoConfiguration, org.springframework.boot.autoconfigure.gson.GsonAutoConfiguration, org.springframework.boot.autoconfigure.jackson.JacksonAutoConfiguration, org.springframework.boot.autoconfigure.jsonb.JsonbAutoConfiguration, org.springframework.boot.autoconfigure.context.MessageSourceAutoConfiguration, org.springframework.boot.autoconfigure.freemarker.FreeMarkerAutoConfiguration, org.springframework.boot.autoconfigure.http.codec.CodecsAutoConfiguration, org.springframework.boot.autoconfigure.mustache.MustacheAutoConfiguration, org.springframework.boot.autoconfigure.thymeleaf.ThymeleafAutoConfiguration, org.springframework.boot.autoconfigure.validation.ValidationAutoConfiguration, org.springframework.boot.autoconfigure.web.reactive.WebFluxAutoConfiguration, org.springframework.boot.autoconfigure.web.reactive.error.ErrorWebFluxAutoConfiguration, org.springframework.boot.autoconfigure.security.oauth2.client.reactive.ReactiveOAuth2ClientAutoConfiguration, org.springframework.boot.autoconfigure.security.oauth2.resource.reactive.ReactiveOAuth2ResourceServerAutoConfiguration, org.springframework.boot.autoconfigure.security.reactive.ReactiveSecurityAutoConfiguration, org.springframework.boot.autoconfigure.security.reactive.ReactiveUserDetailsServiceAutoConfiguration, org.springframework.boot.test.autoconfigure.web.reactive.WebTestClientAutoConfiguration]], org.springframework.boot.test.context.filter.ExcludeFilterContextCustomizer@2d36e77e, org.springframework.boot.test.json.DuplicateJsonObjectContextCustomizerFactory$DuplicateJsonObjectContextCustomizer@366c4480, org.springframework.boot.test.mock.mockito.MockitoContextCustomizer@bcddd8d3, org.springframework.boot.test.context.SpringBootTestArgs@1, org.springframework.boot.test.context.SpringBootTestWebEnvironment@0], contextLoader = 'org.springframework.boot.test.context.SpringBootContextLoader', parent = [null]], attributes = map[[empty]]], class annotated with @DirtiesContext [false] with mode [null].

  .   ____          _            __ _ _
 /\\ / ___'_ __ _ _(_)_ __  __ _ \ \ \ \
( ( )\___ | '_ | '_| | '_ \/ _` | \ \ \ \
 \\/  ___)| |_)| | | | | || (_| |  ) ) ) )
  '  |____| .__|_| |_|_| |_\__, | / / / /
 =========|_|==============|___/=/_/_/_/
 :: Spring Boot ::                (v2.7.3)

2022-09-14 17:02:52.544  INFO 30112 --- [    Test worker] c.l.t.p.TeacherControllerUnitTest        : Starting TeacherControllerUnitTest using Java 17.0.4.1 on Virati84 with PID 30112 (started by Virati84 in C:\Users\Virati84\Documents\GitHub\Assig1.FinalProjectClass(good-version)\Assig1.FinalProjectClass\teacher-service)
2022-09-14 17:02:52.547  INFO 30112 --- [    Test worker] c.l.t.p.TeacherControllerUnitTest        : No active profile set, falling back to 1 default profile: "default"
2022-09-14 17:03:06.519  INFO 30112 --- [    Test worker] c.l.t.p.TeacherControllerUnitTest        : Started TeacherControllerUnitTest in 20.182 seconds (JVM running for 29.011)
]]></system-out>
  <system-err><![CDATA[]]></system-err>
</testsuite>
